<?xml version="1.0" encoding="UTF-8"?>
<testsuite xmlns:xsi="http://www.w3.org/2001/XMLSchema-instance" xsi:noNamespaceSchemaLocation="https://maven.apache.org/surefire/maven-surefire-plugin/xsd/surefire-test-report-3.0.xsd" version="3.0" name="com.smartprogrammingbaddies.OrganizationsUnitTest" time="0.002" tests="4" errors="4" skipped="0" failures="0">
  <properties>
    <property name="java.specification.version" value="22"/>
    <property name="sun.jnu.encoding" value="UTF-8"/>
    <property name="java.class.path" value="/Users/jayzmontoya/Desktop/emergencyFolder/Smart-Programming-Baddies/serviceSPB/target/test-classes:/Users/jayzmontoya/Desktop/emergencyFolder/Smart-Programming-Baddies/serviceSPB/target/classes:/Users/jayzmontoya/.m2/repository/org/springframework/boot/spring-boot-starter-web/3.2.2/spring-boot-starter-web-3.2.2.jar:/Users/jayzmontoya/.m2/repository/org/springframework/boot/spring-boot-starter/3.2.2/spring-boot-starter-3.2.2.jar:/Users/jayzmontoya/.m2/repository/org/springframework/boot/spring-boot/3.2.2/spring-boot-3.2.2.jar:/Users/jayzmontoya/.m2/repository/org/springframework/boot/spring-boot-autoconfigure/3.2.2/spring-boot-autoconfigure-3.2.2.jar:/Users/jayzmontoya/.m2/repository/org/springframework/boot/spring-boot-starter-logging/3.2.2/spring-boot-starter-logging-3.2.2.jar:/Users/jayzmontoya/.m2/repository/ch/qos/logback/logback-classic/1.4.14/logback-classic-1.4.14.jar:/Users/jayzmontoya/.m2/repository/ch/qos/logback/logback-core/1.4.14/logback-core-1.4.14.jar:/Users/jayzmontoya/.m2/repository/org/apache/logging/log4j/log4j-to-slf4j/2.21.1/log4j-to-slf4j-2.21.1.jar:/Users/jayzmontoya/.m2/repository/org/apache/logging/log4j/log4j-api/2.21.1/log4j-api-2.21.1.jar:/Users/jayzmontoya/.m2/repository/org/slf4j/jul-to-slf4j/2.0.11/jul-to-slf4j-2.0.11.jar:/Users/jayzmontoya/.m2/repository/jakarta/annotation/jakarta.annotation-api/2.1.1/jakarta.annotation-api-2.1.1.jar:/Users/jayzmontoya/.m2/repository/org/yaml/snakeyaml/2.2/snakeyaml-2.2.jar:/Users/jayzmontoya/.m2/repository/org/springframework/boot/spring-boot-starter-json/3.2.2/spring-boot-starter-json-3.2.2.jar:/Users/jayzmontoya/.m2/repository/com/fasterxml/jackson/core/jackson-databind/2.15.3/jackson-databind-2.15.3.jar:/Users/jayzmontoya/.m2/repository/com/fasterxml/jackson/core/jackson-annotations/2.15.3/jackson-annotations-2.15.3.jar:/Users/jayzmontoya/.m2/repository/com/fasterxml/jackson/datatype/jackson-datatype-jdk8/2.15.3/jackson-datatype-jdk8-2.15.3.jar:/Users/jayzmontoya/.m2/repository/com/fasterxml/jackson/datatype/jackson-datatype-jsr310/2.15.3/jackson-datatype-jsr310-2.15.3.jar:/Users/jayzmontoya/.m2/repository/com/fasterxml/jackson/module/jackson-module-parameter-names/2.15.3/jackson-module-parameter-names-2.15.3.jar:/Users/jayzmontoya/.m2/repository/org/springframework/boot/spring-boot-starter-tomcat/3.2.2/spring-boot-starter-tomcat-3.2.2.jar:/Users/jayzmontoya/.m2/repository/org/apache/tomcat/embed/tomcat-embed-core/10.1.18/tomcat-embed-core-10.1.18.jar:/Users/jayzmontoya/.m2/repository/org/apache/tomcat/embed/tomcat-embed-el/10.1.18/tomcat-embed-el-10.1.18.jar:/Users/jayzmontoya/.m2/repository/org/apache/tomcat/embed/tomcat-embed-websocket/10.1.18/tomcat-embed-websocket-10.1.18.jar:/Users/jayzmontoya/.m2/repository/org/springframework/spring-web/6.1.3/spring-web-6.1.3.jar:/Users/jayzmontoya/.m2/repository/org/springframework/spring-webmvc/6.1.3/spring-webmvc-6.1.3.jar:/Users/jayzmontoya/.m2/repository/org/springframework/boot/spring-boot-starter-test/3.2.2/spring-boot-starter-test-3.2.2.jar:/Users/jayzmontoya/.m2/repository/org/springframework/boot/spring-boot-test/3.2.2/spring-boot-test-3.2.2.jar:/Users/jayzmontoya/.m2/repository/org/springframework/boot/spring-boot-test-autoconfigure/3.2.2/spring-boot-test-autoconfigure-3.2.2.jar:/Users/jayzmontoya/.m2/repository/com/jayway/jsonpath/json-path/2.8.0/json-path-2.8.0.jar:/Users/jayzmontoya/.m2/repository/jakarta/xml/bind/jakarta.xml.bind-api/4.0.1/jakarta.xml.bind-api-4.0.1.jar:/Users/jayzmontoya/.m2/repository/jakarta/activation/jakarta.activation-api/2.1.2/jakarta.activation-api-2.1.2.jar:/Users/jayzmontoya/.m2/repository/net/minidev/json-smart/2.5.0/json-smart-2.5.0.jar:/Users/jayzmontoya/.m2/repository/net/minidev/accessors-smart/2.5.0/accessors-smart-2.5.0.jar:/Users/jayzmontoya/.m2/repository/org/ow2/asm/asm/9.3/asm-9.3.jar:/Users/jayzmontoya/.m2/repository/org/assertj/assertj-core/3.24.2/assertj-core-3.24.2.jar:/Users/jayzmontoya/.m2/repository/net/bytebuddy/byte-buddy/1.14.11/byte-buddy-1.14.11.jar:/Users/jayzmontoya/.m2/repository/org/awaitility/awaitility/4.2.0/awaitility-4.2.0.jar:/Users/jayzmontoya/.m2/repository/org/hamcrest/hamcrest/2.2/hamcrest-2.2.jar:/Users/jayzmontoya/.m2/repository/org/junit/jupiter/junit-jupiter/5.10.1/junit-jupiter-5.10.1.jar:/Users/jayzmontoya/.m2/repository/org/junit/jupiter/junit-jupiter-api/5.10.1/junit-jupiter-api-5.10.1.jar:/Users/jayzmontoya/.m2/repository/org/opentest4j/opentest4j/1.3.0/opentest4j-1.3.0.jar:/Users/jayzmontoya/.m2/repository/org/junit/platform/junit-platform-commons/1.10.1/junit-platform-commons-1.10.1.jar:/Users/jayzmontoya/.m2/repository/org/apiguardian/apiguardian-api/1.1.2/apiguardian-api-1.1.2.jar:/Users/jayzmontoya/.m2/repository/org/junit/jupiter/junit-jupiter-params/5.10.1/junit-jupiter-params-5.10.1.jar:/Users/jayzmontoya/.m2/repository/org/junit/jupiter/junit-jupiter-engine/5.10.1/junit-jupiter-engine-5.10.1.jar:/Users/jayzmontoya/.m2/repository/org/junit/platform/junit-platform-engine/1.10.1/junit-platform-engine-1.10.1.jar:/Users/jayzmontoya/.m2/repository/org/mockito/mockito-core/5.7.0/mockito-core-5.7.0.jar:/Users/jayzmontoya/.m2/repository/net/bytebuddy/byte-buddy-agent/1.14.11/byte-buddy-agent-1.14.11.jar:/Users/jayzmontoya/.m2/repository/org/objenesis/objenesis/3.3/objenesis-3.3.jar:/Users/jayzmontoya/.m2/repository/org/mockito/mockito-junit-jupiter/5.7.0/mockito-junit-jupiter-5.7.0.jar:/Users/jayzmontoya/.m2/repository/org/skyscreamer/jsonassert/1.5.1/jsonassert-1.5.1.jar:/Users/jayzmontoya/.m2/repository/com/vaadin/external/google/android-json/0.0.20131108.vaadin1/android-json-0.0.20131108.vaadin1.jar:/Users/jayzmontoya/.m2/repository/org/springframework/spring-core/6.1.3/spring-core-6.1.3.jar:/Users/jayzmontoya/.m2/repository/org/springframework/spring-jcl/6.1.3/spring-jcl-6.1.3.jar:/Users/jayzmontoya/.m2/repository/org/springframework/spring-test/6.1.3/spring-test-6.1.3.jar:/Users/jayzmontoya/.m2/repository/org/xmlunit/xmlunit-core/2.9.1/xmlunit-core-2.9.1.jar:/Users/jayzmontoya/.m2/repository/org/springframework/spring-context/6.1.3/spring-context-6.1.3.jar:/Users/jayzmontoya/.m2/repository/org/springframework/spring-aop/6.1.3/spring-aop-6.1.3.jar:/Users/jayzmontoya/.m2/repository/org/springframework/spring-beans/6.1.3/spring-beans-6.1.3.jar:/Users/jayzmontoya/.m2/repository/org/springframework/spring-expression/6.1.3/spring-expression-6.1.3.jar:/Users/jayzmontoya/.m2/repository/io/micrometer/micrometer-observation/1.12.2/micrometer-observation-1.12.2.jar:/Users/jayzmontoya/.m2/repository/io/micrometer/micrometer-commons/1.12.2/micrometer-commons-1.12.2.jar:/Users/jayzmontoya/.m2/repository/com/google/cloud/google-cloud-datastore/2.5.1/google-cloud-datastore-2.5.1.jar:/Users/jayzmontoya/.m2/repository/com/google/cloud/google-cloud-core-http/2.45.0/google-cloud-core-http-2.45.0.jar:/Users/jayzmontoya/.m2/repository/com/google/auth/google-auth-library-credentials/1.28.0/google-auth-library-credentials-1.28.0.jar:/Users/jayzmontoya/.m2/repository/com/google/api-client/google-api-client/2.7.0/google-api-client-2.7.0.jar:/Users/jayzmontoya/.m2/repository/com/google/http-client/google-http-client-apache-v2/1.45.0/google-http-client-apache-v2-1.45.0.jar:/Users/jayzmontoya/.m2/repository/com/google/http-client/google-http-client-appengine/1.45.0/google-http-client-appengine-1.45.0.jar:/Users/jayzmontoya/.m2/repository/com/google/api/gax-httpjson/2.55.0/gax-httpjson-2.55.0.jar:/Users/jayzmontoya/.m2/repository/com/google/code/gson/gson/2.10.1/gson-2.10.1.jar:/Users/jayzmontoya/.m2/repository/com/google/code/findbugs/jsr305/3.0.2/jsr305-3.0.2.jar:/Users/jayzmontoya/.m2/repository/io/opencensus/opencensus-contrib-http-util/0.31.1/opencensus-contrib-http-util-0.31.1.jar:/Users/jayzmontoya/.m2/repository/com/google/api/grpc/proto-google-cloud-datastore-v1/0.114.0/proto-google-cloud-datastore-v1-0.114.0.jar:/Users/jayzmontoya/.m2/repository/com/google/cloud/datastore/datastore-v1-proto-client/2.5.1/datastore-v1-proto-client-2.5.1.jar:/Users/jayzmontoya/.m2/repository/com/google/http-client/google-http-client-protobuf/1.45.0/google-http-client-protobuf-1.45.0.jar:/Users/jayzmontoya/.m2/repository/io/grpc/grpc-api/1.67.1/grpc-api-1.67.1.jar:/Users/jayzmontoya/.m2/repository/io/grpc/grpc-context/1.67.1/grpc-context-1.67.1.jar:/Users/jayzmontoya/.m2/repository/com/google/errorprone/error_prone_annotations/2.13.1/error_prone_annotations-2.13.1.jar:/Users/jayzmontoya/.m2/repository/com/google/api/api-common/2.38.0/api-common-2.38.0.jar:/Users/jayzmontoya/.m2/repository/javax/annotation/javax.annotation-api/1.3.2/javax.annotation-api-1.3.2.jar:/Users/jayzmontoya/.m2/repository/org/threeten/threetenbp/1.6.0/threetenbp-1.6.0.jar:/Users/jayzmontoya/.m2/repository/com/google/protobuf/protobuf-java/3.25.5/protobuf-java-3.25.5.jar:/Users/jayzmontoya/.m2/repository/com/google/api/gax/2.55.0/gax-2.55.0.jar:/Users/jayzmontoya/.m2/repository/com/google/guava/guava/33.3.1-jre/guava-33.3.1-jre.jar:/Users/jayzmontoya/.m2/repository/com/google/guava/failureaccess/1.0.1/failureaccess-1.0.1.jar:/Users/jayzmontoya/.m2/repository/com/google/guava/listenablefuture/9999.0-empty-to-avoid-conflict-with-guava/listenablefuture-9999.0-empty-to-avoid-conflict-with-guava.jar:/Users/jayzmontoya/.m2/repository/org/checkerframework/checker-qual/3.22.0/checker-qual-3.22.0.jar:/Users/jayzmontoya/.m2/repository/com/google/j2objc/j2objc-annotations/1.3/j2objc-annotations-1.3.jar:/Users/jayzmontoya/.m2/repository/com/google/cloud/google-cloud-core/2.45.0/google-cloud-core-2.45.0.jar:/Users/jayzmontoya/.m2/repository/com/google/auto/value/auto-value-annotations/1.11.0/auto-value-annotations-1.11.0.jar:/Users/jayzmontoya/.m2/repository/com/google/protobuf/protobuf-java-util/3.25.5/protobuf-java-util-3.25.5.jar:/Users/jayzmontoya/.m2/repository/com/google/api/grpc/proto-google-iam-v1/1.41.0/proto-google-iam-v1-1.41.0.jar:/Users/jayzmontoya/.m2/repository/com/google/http-client/google-http-client-gson/1.45.0/google-http-client-gson-1.45.0.jar:/Users/jayzmontoya/.m2/repository/com/google/api/grpc/proto-google-common-protos/2.46.0/proto-google-common-protos-2.46.0.jar:/Users/jayzmontoya/.m2/repository/com/google/http-client/google-http-client/1.45.0/google-http-client-1.45.0.jar:/Users/jayzmontoya/.m2/repository/org/apache/httpcomponents/httpclient/4.5.13/httpclient-4.5.13.jar:/Users/jayzmontoya/.m2/repository/commons-logging/commons-logging/1.2/commons-logging-1.2.jar:/Users/jayzmontoya/.m2/repository/commons-codec/commons-codec/1.16.0/commons-codec-1.16.0.jar:/Users/jayzmontoya/.m2/repository/org/apache/httpcomponents/httpcore/4.4.16/httpcore-4.4.16.jar:/Users/jayzmontoya/.m2/repository/com/google/http-client/google-http-client-jackson2/1.45.0/google-http-client-jackson2-1.45.0.jar:/Users/jayzmontoya/.m2/repository/com/fasterxml/jackson/core/jackson-core/2.15.3/jackson-core-2.15.3.jar:/Users/jayzmontoya/.m2/repository/com/google/oauth-client/google-oauth-client/1.36.0/google-oauth-client-1.36.0.jar:/Users/jayzmontoya/.m2/repository/com/google/auth/google-auth-library-oauth2-http/1.28.0/google-auth-library-oauth2-http-1.28.0.jar:/Users/jayzmontoya/.m2/repository/io/opencensus/opencensus-api/0.31.1/opencensus-api-0.31.1.jar:/Users/jayzmontoya/.m2/repository/org/springframework/boot/spring-boot-starter-data-jpa/3.3.5/spring-boot-starter-data-jpa-3.3.5.jar:/Users/jayzmontoya/.m2/repository/org/springframework/boot/spring-boot-starter-aop/3.2.2/spring-boot-starter-aop-3.2.2.jar:/Users/jayzmontoya/.m2/repository/org/aspectj/aspectjweaver/1.9.21/aspectjweaver-1.9.21.jar:/Users/jayzmontoya/.m2/repository/org/hibernate/orm/hibernate-core/6.4.1.Final/hibernate-core-6.4.1.Final.jar:/Users/jayzmontoya/.m2/repository/jakarta/persistence/jakarta.persistence-api/3.1.0/jakarta.persistence-api-3.1.0.jar:/Users/jayzmontoya/.m2/repository/jakarta/transaction/jakarta.transaction-api/2.0.1/jakarta.transaction-api-2.0.1.jar:/Users/jayzmontoya/.m2/repository/org/jboss/logging/jboss-logging/3.5.3.Final/jboss-logging-3.5.3.Final.jar:/Users/jayzmontoya/.m2/repository/org/hibernate/common/hibernate-commons-annotations/6.0.6.Final/hibernate-commons-annotations-6.0.6.Final.jar:/Users/jayzmontoya/.m2/repository/io/smallrye/jandex/3.1.2/jandex-3.1.2.jar:/Users/jayzmontoya/.m2/repository/com/fasterxml/classmate/1.6.0/classmate-1.6.0.jar:/Users/jayzmontoya/.m2/repository/org/glassfish/jaxb/jaxb-runtime/4.0.4/jaxb-runtime-4.0.4.jar:/Users/jayzmontoya/.m2/repository/org/glassfish/jaxb/jaxb-core/4.0.4/jaxb-core-4.0.4.jar:/Users/jayzmontoya/.m2/repository/org/eclipse/angus/angus-activation/2.0.1/angus-activation-2.0.1.jar:/Users/jayzmontoya/.m2/repository/org/glassfish/jaxb/txw2/4.0.4/txw2-4.0.4.jar:/Users/jayzmontoya/.m2/repository/com/sun/istack/istack-commons-runtime/4.1.2/istack-commons-runtime-4.1.2.jar:/Users/jayzmontoya/.m2/repository/jakarta/inject/jakarta.inject-api/2.0.1/jakarta.inject-api-2.0.1.jar:/Users/jayzmontoya/.m2/repository/org/antlr/antlr4-runtime/4.13.0/antlr4-runtime-4.13.0.jar:/Users/jayzmontoya/.m2/repository/org/springframework/data/spring-data-jpa/3.2.2/spring-data-jpa-3.2.2.jar:/Users/jayzmontoya/.m2/repository/org/springframework/data/spring-data-commons/3.2.2/spring-data-commons-3.2.2.jar:/Users/jayzmontoya/.m2/repository/org/springframework/spring-orm/6.1.3/spring-orm-6.1.3.jar:/Users/jayzmontoya/.m2/repository/org/springframework/spring-tx/6.1.3/spring-tx-6.1.3.jar:/Users/jayzmontoya/.m2/repository/org/springframework/spring-aspects/6.1.3/spring-aspects-6.1.3.jar:/Users/jayzmontoya/.m2/repository/com/google/cloud/sql/mysql-socket-factory-connector-j-8/1.21.0/mysql-socket-factory-connector-j-8-1.21.0.jar:/Users/jayzmontoya/.m2/repository/com/google/cloud/sql/jdbc-socket-factory-core/1.21.0/jdbc-socket-factory-core-1.21.0.jar:/Users/jayzmontoya/.m2/repository/com/github/jnr/jnr-enxio/0.32.17/jnr-enxio-0.32.17.jar:/Users/jayzmontoya/.m2/repository/com/github/jnr/jnr-constants/0.10.4/jnr-constants-0.10.4.jar:/Users/jayzmontoya/.m2/repository/com/github/jnr/jnr-ffi/2.2.16/jnr-ffi-2.2.16.jar:/Users/jayzmontoya/.m2/repository/com/github/jnr/jffi/1.3.13/jffi-1.3.13.jar:/Users/jayzmontoya/.m2/repository/com/github/jnr/jffi/1.3.13/jffi-1.3.13-native.jar:/Users/jayzmontoya/.m2/repository/org/ow2/asm/asm-commons/9.2/asm-commons-9.2.jar:/Users/jayzmontoya/.m2/repository/org/ow2/asm/asm-analysis/9.2/asm-analysis-9.2.jar:/Users/jayzmontoya/.m2/repository/org/ow2/asm/asm-tree/9.2/asm-tree-9.2.jar:/Users/jayzmontoya/.m2/repository/org/ow2/asm/asm-util/9.2/asm-util-9.2.jar:/Users/jayzmontoya/.m2/repository/com/github/jnr/jnr-a64asm/1.0.0/jnr-a64asm-1.0.0.jar:/Users/jayzmontoya/.m2/repository/com/github/jnr/jnr-x86asm/1.0.2/jnr-x86asm-1.0.2.jar:/Users/jayzmontoya/.m2/repository/com/github/jnr/jnr-unixsocket/0.38.22/jnr-unixsocket-0.38.22.jar:/Users/jayzmontoya/.m2/repository/com/github/jnr/jnr-posix/3.1.19/jnr-posix-3.1.19.jar:/Users/jayzmontoya/.m2/repository/com/google/apis/google-api-services-sqladmin/v1beta4-rev20240925-2.0.0/google-api-services-sqladmin-v1beta4-rev20240925-2.0.0.jar:/Users/jayzmontoya/.m2/repository/org/springframework/boot/spring-boot-starter-jdbc/3.3.5/spring-boot-starter-jdbc-3.3.5.jar:/Users/jayzmontoya/.m2/repository/com/zaxxer/HikariCP/5.0.1/HikariCP-5.0.1.jar:/Users/jayzmontoya/.m2/repository/org/springframework/spring-jdbc/6.1.3/spring-jdbc-6.1.3.jar:/Users/jayzmontoya/.m2/repository/com/mysql/mysql-connector-j/8.3.0/mysql-connector-j-8.3.0.jar:/Users/jayzmontoya/.m2/repository/io/github/cdimascio/java-dotenv/5.2.2/java-dotenv-5.2.2.jar:/Users/jayzmontoya/.m2/repository/org/jetbrains/kotlin/kotlin-stdlib/1.9.22/kotlin-stdlib-1.9.22.jar:/Users/jayzmontoya/.m2/repository/org/jetbrains/annotations/13.0/annotations-13.0.jar:/Users/jayzmontoya/.m2/repository/com/h2database/h2/2.3.232/h2-2.3.232.jar:/Users/jayzmontoya/.m2/repository/com/google/cloud/spring-cloud-gcp-starter-storage/5.8.0/spring-cloud-gcp-starter-storage-5.8.0.jar:/Users/jayzmontoya/.m2/repository/com/google/cloud/spring-cloud-gcp-starter/5.8.0/spring-cloud-gcp-starter-5.8.0.jar:/Users/jayzmontoya/.m2/repository/com/google/cloud/spring-cloud-gcp-core/5.8.0/spring-cloud-gcp-core-5.8.0.jar:/Users/jayzmontoya/.m2/repository/com/google/cloud/spring-cloud-gcp-autoconfigure/5.8.0/spring-cloud-gcp-autoconfigure-5.8.0.jar:/Users/jayzmontoya/.m2/repository/org/apache/commons/commons-lang3/3.13.0/commons-lang3-3.13.0.jar:/Users/jayzmontoya/.m2/repository/com/google/cloud/spring-cloud-gcp-storage/5.8.0/spring-cloud-gcp-storage-5.8.0.jar:/Users/jayzmontoya/.m2/repository/com/google/cloud/google-cloud-storage/2.43.2/google-cloud-storage-2.43.2.jar:/Users/jayzmontoya/.m2/repository/com/google/apis/google-api-services-storage/v1-rev20240924-2.0.0/google-api-services-storage-v1-rev20240924-2.0.0.jar:/Users/jayzmontoya/.m2/repository/com/google/cloud/google-cloud-core-grpc/2.45.0/google-cloud-core-grpc-2.45.0.jar:/Users/jayzmontoya/.m2/repository/com/google/api/gax-grpc/2.55.0/gax-grpc-2.55.0.jar:/Users/jayzmontoya/.m2/repository/io/grpc/grpc-inprocess/1.67.1/grpc-inprocess-1.67.1.jar:/Users/jayzmontoya/.m2/repository/io/grpc/grpc-alts/1.67.1/grpc-alts-1.67.1.jar:/Users/jayzmontoya/.m2/repository/io/grpc/grpc-grpclb/1.67.1/grpc-grpclb-1.67.1.jar:/Users/jayzmontoya/.m2/repository/org/conscrypt/conscrypt-openjdk-uber/2.5.2/conscrypt-openjdk-uber-2.5.2.jar:/Users/jayzmontoya/.m2/repository/io/grpc/grpc-auth/1.67.1/grpc-auth-1.67.1.jar:/Users/jayzmontoya/.m2/repository/io/grpc/grpc-core/1.67.1/grpc-core-1.67.1.jar:/Users/jayzmontoya/.m2/repository/com/google/android/annotations/4.1.1.4/annotations-4.1.1.4.jar:/Users/jayzmontoya/.m2/repository/org/codehaus/mojo/animal-sniffer-annotations/1.24/animal-sniffer-annotations-1.24.jar:/Users/jayzmontoya/.m2/repository/io/perfmark/perfmark-api/0.27.0/perfmark-api-0.27.0.jar:/Users/jayzmontoya/.m2/repository/io/grpc/grpc-protobuf/1.67.1/grpc-protobuf-1.67.1.jar:/Users/jayzmontoya/.m2/repository/io/grpc/grpc-protobuf-lite/1.67.1/grpc-protobuf-lite-1.67.1.jar:/Users/jayzmontoya/.m2/repository/com/google/api/grpc/proto-google-cloud-storage-v2/2.43.2-beta/proto-google-cloud-storage-v2-2.43.2-beta.jar:/Users/jayzmontoya/.m2/repository/com/google/api/grpc/grpc-google-cloud-storage-v2/2.43.2-beta/grpc-google-cloud-storage-v2-2.43.2-beta.jar:/Users/jayzmontoya/.m2/repository/com/google/api/grpc/gapic-google-cloud-storage-v2/2.43.2-beta/gapic-google-cloud-storage-v2-2.43.2-beta.jar:/Users/jayzmontoya/.m2/repository/io/opentelemetry/opentelemetry-sdk/1.31.0/opentelemetry-sdk-1.31.0.jar:/Users/jayzmontoya/.m2/repository/io/opentelemetry/opentelemetry-sdk-trace/1.31.0/opentelemetry-sdk-trace-1.31.0.jar:/Users/jayzmontoya/.m2/repository/io/opentelemetry/opentelemetry-sdk-logs/1.31.0/opentelemetry-sdk-logs-1.31.0.jar:/Users/jayzmontoya/.m2/repository/io/opentelemetry/opentelemetry-api-events/1.31.0-alpha/opentelemetry-api-events-1.31.0-alpha.jar:/Users/jayzmontoya/.m2/repository/io/grpc/grpc-opentelemetry/1.67.1/grpc-opentelemetry-1.67.1.jar:/Users/jayzmontoya/.m2/repository/io/opentelemetry/opentelemetry-api/1.43.0/opentelemetry-api-1.43.0.jar:/Users/jayzmontoya/.m2/repository/io/opentelemetry/opentelemetry-context/1.31.0/opentelemetry-context-1.31.0.jar:/Users/jayzmontoya/.m2/repository/io/opentelemetry/opentelemetry-sdk-metrics/1.31.0/opentelemetry-sdk-metrics-1.31.0.jar:/Users/jayzmontoya/.m2/repository/io/opentelemetry/opentelemetry-extension-incubator/1.31.0-alpha/opentelemetry-extension-incubator-1.31.0-alpha.jar:/Users/jayzmontoya/.m2/repository/io/opentelemetry/opentelemetry-api-incubator/1.42.1-alpha/opentelemetry-api-incubator-1.42.1-alpha.jar:/Users/jayzmontoya/.m2/repository/io/opentelemetry/opentelemetry-sdk-common/1.31.0/opentelemetry-sdk-common-1.31.0.jar:/Users/jayzmontoya/.m2/repository/io/opentelemetry/opentelemetry-sdk-extension-autoconfigure-spi/1.31.0/opentelemetry-sdk-extension-autoconfigure-spi-1.31.0.jar:/Users/jayzmontoya/.m2/repository/io/opentelemetry/semconv/opentelemetry-semconv/1.25.0-alpha/opentelemetry-semconv-1.25.0-alpha.jar:/Users/jayzmontoya/.m2/repository/com/google/cloud/opentelemetry/exporter-metrics/0.31.0/exporter-metrics-0.31.0.jar:/Users/jayzmontoya/.m2/repository/com/google/cloud/google-cloud-monitoring/3.53.0/google-cloud-monitoring-3.53.0.jar:/Users/jayzmontoya/.m2/repository/com/google/api/grpc/proto-google-cloud-monitoring-v3/3.53.0/proto-google-cloud-monitoring-v3-3.53.0.jar:/Users/jayzmontoya/.m2/repository/io/opencensus/opencensus-proto/0.2.0/opencensus-proto-0.2.0.jar:/Users/jayzmontoya/.m2/repository/com/google/cloud/opentelemetry/shared-resourcemapping/0.32.0/shared-resourcemapping-0.32.0.jar:/Users/jayzmontoya/.m2/repository/io/opentelemetry/contrib/opentelemetry-gcp-resources/1.37.0-alpha/opentelemetry-gcp-resources-1.37.0-alpha.jar:/Users/jayzmontoya/.m2/repository/com/google/cloud/opentelemetry/detector-resources-support/0.32.0/detector-resources-support-0.32.0.jar:/Users/jayzmontoya/.m2/repository/io/grpc/grpc-netty-shaded/1.67.1/grpc-netty-shaded-1.67.1.jar:/Users/jayzmontoya/.m2/repository/io/grpc/grpc-util/1.67.1/grpc-util-1.67.1.jar:/Users/jayzmontoya/.m2/repository/io/grpc/grpc-stub/1.67.1/grpc-stub-1.67.1.jar:/Users/jayzmontoya/.m2/repository/io/grpc/grpc-googleapis/1.67.1/grpc-googleapis-1.67.1.jar:/Users/jayzmontoya/.m2/repository/io/grpc/grpc-xds/1.67.1/grpc-xds-1.67.1.jar:/Users/jayzmontoya/.m2/repository/io/grpc/grpc-services/1.67.1/grpc-services-1.67.1.jar:/Users/jayzmontoya/.m2/repository/com/google/re2j/re2j/1.7/re2j-1.7.jar:/Users/jayzmontoya/.m2/repository/io/grpc/grpc-rls/1.67.1/grpc-rls-1.67.1.jar:/Users/jayzmontoya/.m2/repository/org/slf4j/slf4j-api/2.0.11/slf4j-api-2.0.11.jar:"/>
    <property name="java.vm.vendor" value="Homebrew"/>
    <property name="sun.arch.data.model" value="64"/>
    <property name="java.vendor.url" value="https://github.com/Homebrew/homebrew-core/issues"/>
    <property name="user.timezone" value="America/New_York"/>
    <property name="org.jboss.logging.provider" value="slf4j"/>
    <property name="os.name" value="Mac OS X"/>
    <property name="java.vm.specification.version" value="22"/>
    <property name="sun.java.launcher" value="SUN_STANDARD"/>
    <property name="user.country" value="US"/>
    <property name="sun.boot.library.path" value="/opt/homebrew/Cellar/openjdk/22.0.2/libexec/openjdk.jdk/Contents/Home/lib"/>
    <property name="sun.java.command" value="/Users/jayzmontoya/Desktop/emergencyFolder/Smart-Programming-Baddies/serviceSPB/target/surefire/surefirebooter-20241122143414175_3.jar /Users/jayzmontoya/Desktop/emergencyFolder/Smart-Programming-Baddies/serviceSPB/target/surefire 2024-11-22T14-34-14_138-jvmRun1 surefire-20241122143414175_1tmp surefire_0-20241122143414175_2tmp"/>
    <property name="http.nonProxyHosts" value="local|*.local|169.254/16|*.169.254/16"/>
    <property name="jdk.debug" value="release"/>
    <property name="surefire.test.class.path" value="/Users/jayzmontoya/Desktop/emergencyFolder/Smart-Programming-Baddies/serviceSPB/target/test-classes:/Users/jayzmontoya/Desktop/emergencyFolder/Smart-Programming-Baddies/serviceSPB/target/classes:/Users/jayzmontoya/.m2/repository/org/springframework/boot/spring-boot-starter-web/3.2.2/spring-boot-starter-web-3.2.2.jar:/Users/jayzmontoya/.m2/repository/org/springframework/boot/spring-boot-starter/3.2.2/spring-boot-starter-3.2.2.jar:/Users/jayzmontoya/.m2/repository/org/springframework/boot/spring-boot/3.2.2/spring-boot-3.2.2.jar:/Users/jayzmontoya/.m2/repository/org/springframework/boot/spring-boot-autoconfigure/3.2.2/spring-boot-autoconfigure-3.2.2.jar:/Users/jayzmontoya/.m2/repository/org/springframework/boot/spring-boot-starter-logging/3.2.2/spring-boot-starter-logging-3.2.2.jar:/Users/jayzmontoya/.m2/repository/ch/qos/logback/logback-classic/1.4.14/logback-classic-1.4.14.jar:/Users/jayzmontoya/.m2/repository/ch/qos/logback/logback-core/1.4.14/logback-core-1.4.14.jar:/Users/jayzmontoya/.m2/repository/org/apache/logging/log4j/log4j-to-slf4j/2.21.1/log4j-to-slf4j-2.21.1.jar:/Users/jayzmontoya/.m2/repository/org/apache/logging/log4j/log4j-api/2.21.1/log4j-api-2.21.1.jar:/Users/jayzmontoya/.m2/repository/org/slf4j/jul-to-slf4j/2.0.11/jul-to-slf4j-2.0.11.jar:/Users/jayzmontoya/.m2/repository/jakarta/annotation/jakarta.annotation-api/2.1.1/jakarta.annotation-api-2.1.1.jar:/Users/jayzmontoya/.m2/repository/org/yaml/snakeyaml/2.2/snakeyaml-2.2.jar:/Users/jayzmontoya/.m2/repository/org/springframework/boot/spring-boot-starter-json/3.2.2/spring-boot-starter-json-3.2.2.jar:/Users/jayzmontoya/.m2/repository/com/fasterxml/jackson/core/jackson-databind/2.15.3/jackson-databind-2.15.3.jar:/Users/jayzmontoya/.m2/repository/com/fasterxml/jackson/core/jackson-annotations/2.15.3/jackson-annotations-2.15.3.jar:/Users/jayzmontoya/.m2/repository/com/fasterxml/jackson/datatype/jackson-datatype-jdk8/2.15.3/jackson-datatype-jdk8-2.15.3.jar:/Users/jayzmontoya/.m2/repository/com/fasterxml/jackson/datatype/jackson-datatype-jsr310/2.15.3/jackson-datatype-jsr310-2.15.3.jar:/Users/jayzmontoya/.m2/repository/com/fasterxml/jackson/module/jackson-module-parameter-names/2.15.3/jackson-module-parameter-names-2.15.3.jar:/Users/jayzmontoya/.m2/repository/org/springframework/boot/spring-boot-starter-tomcat/3.2.2/spring-boot-starter-tomcat-3.2.2.jar:/Users/jayzmontoya/.m2/repository/org/apache/tomcat/embed/tomcat-embed-core/10.1.18/tomcat-embed-core-10.1.18.jar:/Users/jayzmontoya/.m2/repository/org/apache/tomcat/embed/tomcat-embed-el/10.1.18/tomcat-embed-el-10.1.18.jar:/Users/jayzmontoya/.m2/repository/org/apache/tomcat/embed/tomcat-embed-websocket/10.1.18/tomcat-embed-websocket-10.1.18.jar:/Users/jayzmontoya/.m2/repository/org/springframework/spring-web/6.1.3/spring-web-6.1.3.jar:/Users/jayzmontoya/.m2/repository/org/springframework/spring-webmvc/6.1.3/spring-webmvc-6.1.3.jar:/Users/jayzmontoya/.m2/repository/org/springframework/boot/spring-boot-starter-test/3.2.2/spring-boot-starter-test-3.2.2.jar:/Users/jayzmontoya/.m2/repository/org/springframework/boot/spring-boot-test/3.2.2/spring-boot-test-3.2.2.jar:/Users/jayzmontoya/.m2/repository/org/springframework/boot/spring-boot-test-autoconfigure/3.2.2/spring-boot-test-autoconfigure-3.2.2.jar:/Users/jayzmontoya/.m2/repository/com/jayway/jsonpath/json-path/2.8.0/json-path-2.8.0.jar:/Users/jayzmontoya/.m2/repository/jakarta/xml/bind/jakarta.xml.bind-api/4.0.1/jakarta.xml.bind-api-4.0.1.jar:/Users/jayzmontoya/.m2/repository/jakarta/activation/jakarta.activation-api/2.1.2/jakarta.activation-api-2.1.2.jar:/Users/jayzmontoya/.m2/repository/net/minidev/json-smart/2.5.0/json-smart-2.5.0.jar:/Users/jayzmontoya/.m2/repository/net/minidev/accessors-smart/2.5.0/accessors-smart-2.5.0.jar:/Users/jayzmontoya/.m2/repository/org/ow2/asm/asm/9.3/asm-9.3.jar:/Users/jayzmontoya/.m2/repository/org/assertj/assertj-core/3.24.2/assertj-core-3.24.2.jar:/Users/jayzmontoya/.m2/repository/net/bytebuddy/byte-buddy/1.14.11/byte-buddy-1.14.11.jar:/Users/jayzmontoya/.m2/repository/org/awaitility/awaitility/4.2.0/awaitility-4.2.0.jar:/Users/jayzmontoya/.m2/repository/org/hamcrest/hamcrest/2.2/hamcrest-2.2.jar:/Users/jayzmontoya/.m2/repository/org/junit/jupiter/junit-jupiter/5.10.1/junit-jupiter-5.10.1.jar:/Users/jayzmontoya/.m2/repository/org/junit/jupiter/junit-jupiter-api/5.10.1/junit-jupiter-api-5.10.1.jar:/Users/jayzmontoya/.m2/repository/org/opentest4j/opentest4j/1.3.0/opentest4j-1.3.0.jar:/Users/jayzmontoya/.m2/repository/org/junit/platform/junit-platform-commons/1.10.1/junit-platform-commons-1.10.1.jar:/Users/jayzmontoya/.m2/repository/org/apiguardian/apiguardian-api/1.1.2/apiguardian-api-1.1.2.jar:/Users/jayzmontoya/.m2/repository/org/junit/jupiter/junit-jupiter-params/5.10.1/junit-jupiter-params-5.10.1.jar:/Users/jayzmontoya/.m2/repository/org/junit/jupiter/junit-jupiter-engine/5.10.1/junit-jupiter-engine-5.10.1.jar:/Users/jayzmontoya/.m2/repository/org/junit/platform/junit-platform-engine/1.10.1/junit-platform-engine-1.10.1.jar:/Users/jayzmontoya/.m2/repository/org/mockito/mockito-core/5.7.0/mockito-core-5.7.0.jar:/Users/jayzmontoya/.m2/repository/net/bytebuddy/byte-buddy-agent/1.14.11/byte-buddy-agent-1.14.11.jar:/Users/jayzmontoya/.m2/repository/org/objenesis/objenesis/3.3/objenesis-3.3.jar:/Users/jayzmontoya/.m2/repository/org/mockito/mockito-junit-jupiter/5.7.0/mockito-junit-jupiter-5.7.0.jar:/Users/jayzmontoya/.m2/repository/org/skyscreamer/jsonassert/1.5.1/jsonassert-1.5.1.jar:/Users/jayzmontoya/.m2/repository/com/vaadin/external/google/android-json/0.0.20131108.vaadin1/android-json-0.0.20131108.vaadin1.jar:/Users/jayzmontoya/.m2/repository/org/springframework/spring-core/6.1.3/spring-core-6.1.3.jar:/Users/jayzmontoya/.m2/repository/org/springframework/spring-jcl/6.1.3/spring-jcl-6.1.3.jar:/Users/jayzmontoya/.m2/repository/org/springframework/spring-test/6.1.3/spring-test-6.1.3.jar:/Users/jayzmontoya/.m2/repository/org/xmlunit/xmlunit-core/2.9.1/xmlunit-core-2.9.1.jar:/Users/jayzmontoya/.m2/repository/org/springframework/spring-context/6.1.3/spring-context-6.1.3.jar:/Users/jayzmontoya/.m2/repository/org/springframework/spring-aop/6.1.3/spring-aop-6.1.3.jar:/Users/jayzmontoya/.m2/repository/org/springframework/spring-beans/6.1.3/spring-beans-6.1.3.jar:/Users/jayzmontoya/.m2/repository/org/springframework/spring-expression/6.1.3/spring-expression-6.1.3.jar:/Users/jayzmontoya/.m2/repository/io/micrometer/micrometer-observation/1.12.2/micrometer-observation-1.12.2.jar:/Users/jayzmontoya/.m2/repository/io/micrometer/micrometer-commons/1.12.2/micrometer-commons-1.12.2.jar:/Users/jayzmontoya/.m2/repository/com/google/cloud/google-cloud-datastore/2.5.1/google-cloud-datastore-2.5.1.jar:/Users/jayzmontoya/.m2/repository/com/google/cloud/google-cloud-core-http/2.45.0/google-cloud-core-http-2.45.0.jar:/Users/jayzmontoya/.m2/repository/com/google/auth/google-auth-library-credentials/1.28.0/google-auth-library-credentials-1.28.0.jar:/Users/jayzmontoya/.m2/repository/com/google/api-client/google-api-client/2.7.0/google-api-client-2.7.0.jar:/Users/jayzmontoya/.m2/repository/com/google/http-client/google-http-client-apache-v2/1.45.0/google-http-client-apache-v2-1.45.0.jar:/Users/jayzmontoya/.m2/repository/com/google/http-client/google-http-client-appengine/1.45.0/google-http-client-appengine-1.45.0.jar:/Users/jayzmontoya/.m2/repository/com/google/api/gax-httpjson/2.55.0/gax-httpjson-2.55.0.jar:/Users/jayzmontoya/.m2/repository/com/google/code/gson/gson/2.10.1/gson-2.10.1.jar:/Users/jayzmontoya/.m2/repository/com/google/code/findbugs/jsr305/3.0.2/jsr305-3.0.2.jar:/Users/jayzmontoya/.m2/repository/io/opencensus/opencensus-contrib-http-util/0.31.1/opencensus-contrib-http-util-0.31.1.jar:/Users/jayzmontoya/.m2/repository/com/google/api/grpc/proto-google-cloud-datastore-v1/0.114.0/proto-google-cloud-datastore-v1-0.114.0.jar:/Users/jayzmontoya/.m2/repository/com/google/cloud/datastore/datastore-v1-proto-client/2.5.1/datastore-v1-proto-client-2.5.1.jar:/Users/jayzmontoya/.m2/repository/com/google/http-client/google-http-client-protobuf/1.45.0/google-http-client-protobuf-1.45.0.jar:/Users/jayzmontoya/.m2/repository/io/grpc/grpc-api/1.67.1/grpc-api-1.67.1.jar:/Users/jayzmontoya/.m2/repository/io/grpc/grpc-context/1.67.1/grpc-context-1.67.1.jar:/Users/jayzmontoya/.m2/repository/com/google/errorprone/error_prone_annotations/2.13.1/error_prone_annotations-2.13.1.jar:/Users/jayzmontoya/.m2/repository/com/google/api/api-common/2.38.0/api-common-2.38.0.jar:/Users/jayzmontoya/.m2/repository/javax/annotation/javax.annotation-api/1.3.2/javax.annotation-api-1.3.2.jar:/Users/jayzmontoya/.m2/repository/org/threeten/threetenbp/1.6.0/threetenbp-1.6.0.jar:/Users/jayzmontoya/.m2/repository/com/google/protobuf/protobuf-java/3.25.5/protobuf-java-3.25.5.jar:/Users/jayzmontoya/.m2/repository/com/google/api/gax/2.55.0/gax-2.55.0.jar:/Users/jayzmontoya/.m2/repository/com/google/guava/guava/33.3.1-jre/guava-33.3.1-jre.jar:/Users/jayzmontoya/.m2/repository/com/google/guava/failureaccess/1.0.1/failureaccess-1.0.1.jar:/Users/jayzmontoya/.m2/repository/com/google/guava/listenablefuture/9999.0-empty-to-avoid-conflict-with-guava/listenablefuture-9999.0-empty-to-avoid-conflict-with-guava.jar:/Users/jayzmontoya/.m2/repository/org/checkerframework/checker-qual/3.22.0/checker-qual-3.22.0.jar:/Users/jayzmontoya/.m2/repository/com/google/j2objc/j2objc-annotations/1.3/j2objc-annotations-1.3.jar:/Users/jayzmontoya/.m2/repository/com/google/cloud/google-cloud-core/2.45.0/google-cloud-core-2.45.0.jar:/Users/jayzmontoya/.m2/repository/com/google/auto/value/auto-value-annotations/1.11.0/auto-value-annotations-1.11.0.jar:/Users/jayzmontoya/.m2/repository/com/google/protobuf/protobuf-java-util/3.25.5/protobuf-java-util-3.25.5.jar:/Users/jayzmontoya/.m2/repository/com/google/api/grpc/proto-google-iam-v1/1.41.0/proto-google-iam-v1-1.41.0.jar:/Users/jayzmontoya/.m2/repository/com/google/http-client/google-http-client-gson/1.45.0/google-http-client-gson-1.45.0.jar:/Users/jayzmontoya/.m2/repository/com/google/api/grpc/proto-google-common-protos/2.46.0/proto-google-common-protos-2.46.0.jar:/Users/jayzmontoya/.m2/repository/com/google/http-client/google-http-client/1.45.0/google-http-client-1.45.0.jar:/Users/jayzmontoya/.m2/repository/org/apache/httpcomponents/httpclient/4.5.13/httpclient-4.5.13.jar:/Users/jayzmontoya/.m2/repository/commons-logging/commons-logging/1.2/commons-logging-1.2.jar:/Users/jayzmontoya/.m2/repository/commons-codec/commons-codec/1.16.0/commons-codec-1.16.0.jar:/Users/jayzmontoya/.m2/repository/org/apache/httpcomponents/httpcore/4.4.16/httpcore-4.4.16.jar:/Users/jayzmontoya/.m2/repository/com/google/http-client/google-http-client-jackson2/1.45.0/google-http-client-jackson2-1.45.0.jar:/Users/jayzmontoya/.m2/repository/com/fasterxml/jackson/core/jackson-core/2.15.3/jackson-core-2.15.3.jar:/Users/jayzmontoya/.m2/repository/com/google/oauth-client/google-oauth-client/1.36.0/google-oauth-client-1.36.0.jar:/Users/jayzmontoya/.m2/repository/com/google/auth/google-auth-library-oauth2-http/1.28.0/google-auth-library-oauth2-http-1.28.0.jar:/Users/jayzmontoya/.m2/repository/io/opencensus/opencensus-api/0.31.1/opencensus-api-0.31.1.jar:/Users/jayzmontoya/.m2/repository/org/springframework/boot/spring-boot-starter-data-jpa/3.3.5/spring-boot-starter-data-jpa-3.3.5.jar:/Users/jayzmontoya/.m2/repository/org/springframework/boot/spring-boot-starter-aop/3.2.2/spring-boot-starter-aop-3.2.2.jar:/Users/jayzmontoya/.m2/repository/org/aspectj/aspectjweaver/1.9.21/aspectjweaver-1.9.21.jar:/Users/jayzmontoya/.m2/repository/org/hibernate/orm/hibernate-core/6.4.1.Final/hibernate-core-6.4.1.Final.jar:/Users/jayzmontoya/.m2/repository/jakarta/persistence/jakarta.persistence-api/3.1.0/jakarta.persistence-api-3.1.0.jar:/Users/jayzmontoya/.m2/repository/jakarta/transaction/jakarta.transaction-api/2.0.1/jakarta.transaction-api-2.0.1.jar:/Users/jayzmontoya/.m2/repository/org/jboss/logging/jboss-logging/3.5.3.Final/jboss-logging-3.5.3.Final.jar:/Users/jayzmontoya/.m2/repository/org/hibernate/common/hibernate-commons-annotations/6.0.6.Final/hibernate-commons-annotations-6.0.6.Final.jar:/Users/jayzmontoya/.m2/repository/io/smallrye/jandex/3.1.2/jandex-3.1.2.jar:/Users/jayzmontoya/.m2/repository/com/fasterxml/classmate/1.6.0/classmate-1.6.0.jar:/Users/jayzmontoya/.m2/repository/org/glassfish/jaxb/jaxb-runtime/4.0.4/jaxb-runtime-4.0.4.jar:/Users/jayzmontoya/.m2/repository/org/glassfish/jaxb/jaxb-core/4.0.4/jaxb-core-4.0.4.jar:/Users/jayzmontoya/.m2/repository/org/eclipse/angus/angus-activation/2.0.1/angus-activation-2.0.1.jar:/Users/jayzmontoya/.m2/repository/org/glassfish/jaxb/txw2/4.0.4/txw2-4.0.4.jar:/Users/jayzmontoya/.m2/repository/com/sun/istack/istack-commons-runtime/4.1.2/istack-commons-runtime-4.1.2.jar:/Users/jayzmontoya/.m2/repository/jakarta/inject/jakarta.inject-api/2.0.1/jakarta.inject-api-2.0.1.jar:/Users/jayzmontoya/.m2/repository/org/antlr/antlr4-runtime/4.13.0/antlr4-runtime-4.13.0.jar:/Users/jayzmontoya/.m2/repository/org/springframework/data/spring-data-jpa/3.2.2/spring-data-jpa-3.2.2.jar:/Users/jayzmontoya/.m2/repository/org/springframework/data/spring-data-commons/3.2.2/spring-data-commons-3.2.2.jar:/Users/jayzmontoya/.m2/repository/org/springframework/spring-orm/6.1.3/spring-orm-6.1.3.jar:/Users/jayzmontoya/.m2/repository/org/springframework/spring-tx/6.1.3/spring-tx-6.1.3.jar:/Users/jayzmontoya/.m2/repository/org/springframework/spring-aspects/6.1.3/spring-aspects-6.1.3.jar:/Users/jayzmontoya/.m2/repository/com/google/cloud/sql/mysql-socket-factory-connector-j-8/1.21.0/mysql-socket-factory-connector-j-8-1.21.0.jar:/Users/jayzmontoya/.m2/repository/com/google/cloud/sql/jdbc-socket-factory-core/1.21.0/jdbc-socket-factory-core-1.21.0.jar:/Users/jayzmontoya/.m2/repository/com/github/jnr/jnr-enxio/0.32.17/jnr-enxio-0.32.17.jar:/Users/jayzmontoya/.m2/repository/com/github/jnr/jnr-constants/0.10.4/jnr-constants-0.10.4.jar:/Users/jayzmontoya/.m2/repository/com/github/jnr/jnr-ffi/2.2.16/jnr-ffi-2.2.16.jar:/Users/jayzmontoya/.m2/repository/com/github/jnr/jffi/1.3.13/jffi-1.3.13.jar:/Users/jayzmontoya/.m2/repository/com/github/jnr/jffi/1.3.13/jffi-1.3.13-native.jar:/Users/jayzmontoya/.m2/repository/org/ow2/asm/asm-commons/9.2/asm-commons-9.2.jar:/Users/jayzmontoya/.m2/repository/org/ow2/asm/asm-analysis/9.2/asm-analysis-9.2.jar:/Users/jayzmontoya/.m2/repository/org/ow2/asm/asm-tree/9.2/asm-tree-9.2.jar:/Users/jayzmontoya/.m2/repository/org/ow2/asm/asm-util/9.2/asm-util-9.2.jar:/Users/jayzmontoya/.m2/repository/com/github/jnr/jnr-a64asm/1.0.0/jnr-a64asm-1.0.0.jar:/Users/jayzmontoya/.m2/repository/com/github/jnr/jnr-x86asm/1.0.2/jnr-x86asm-1.0.2.jar:/Users/jayzmontoya/.m2/repository/com/github/jnr/jnr-unixsocket/0.38.22/jnr-unixsocket-0.38.22.jar:/Users/jayzmontoya/.m2/repository/com/github/jnr/jnr-posix/3.1.19/jnr-posix-3.1.19.jar:/Users/jayzmontoya/.m2/repository/com/google/apis/google-api-services-sqladmin/v1beta4-rev20240925-2.0.0/google-api-services-sqladmin-v1beta4-rev20240925-2.0.0.jar:/Users/jayzmontoya/.m2/repository/org/springframework/boot/spring-boot-starter-jdbc/3.3.5/spring-boot-starter-jdbc-3.3.5.jar:/Users/jayzmontoya/.m2/repository/com/zaxxer/HikariCP/5.0.1/HikariCP-5.0.1.jar:/Users/jayzmontoya/.m2/repository/org/springframework/spring-jdbc/6.1.3/spring-jdbc-6.1.3.jar:/Users/jayzmontoya/.m2/repository/com/mysql/mysql-connector-j/8.3.0/mysql-connector-j-8.3.0.jar:/Users/jayzmontoya/.m2/repository/io/github/cdimascio/java-dotenv/5.2.2/java-dotenv-5.2.2.jar:/Users/jayzmontoya/.m2/repository/org/jetbrains/kotlin/kotlin-stdlib/1.9.22/kotlin-stdlib-1.9.22.jar:/Users/jayzmontoya/.m2/repository/org/jetbrains/annotations/13.0/annotations-13.0.jar:/Users/jayzmontoya/.m2/repository/com/h2database/h2/2.3.232/h2-2.3.232.jar:/Users/jayzmontoya/.m2/repository/com/google/cloud/spring-cloud-gcp-starter-storage/5.8.0/spring-cloud-gcp-starter-storage-5.8.0.jar:/Users/jayzmontoya/.m2/repository/com/google/cloud/spring-cloud-gcp-starter/5.8.0/spring-cloud-gcp-starter-5.8.0.jar:/Users/jayzmontoya/.m2/repository/com/google/cloud/spring-cloud-gcp-core/5.8.0/spring-cloud-gcp-core-5.8.0.jar:/Users/jayzmontoya/.m2/repository/com/google/cloud/spring-cloud-gcp-autoconfigure/5.8.0/spring-cloud-gcp-autoconfigure-5.8.0.jar:/Users/jayzmontoya/.m2/repository/org/apache/commons/commons-lang3/3.13.0/commons-lang3-3.13.0.jar:/Users/jayzmontoya/.m2/repository/com/google/cloud/spring-cloud-gcp-storage/5.8.0/spring-cloud-gcp-storage-5.8.0.jar:/Users/jayzmontoya/.m2/repository/com/google/cloud/google-cloud-storage/2.43.2/google-cloud-storage-2.43.2.jar:/Users/jayzmontoya/.m2/repository/com/google/apis/google-api-services-storage/v1-rev20240924-2.0.0/google-api-services-storage-v1-rev20240924-2.0.0.jar:/Users/jayzmontoya/.m2/repository/com/google/cloud/google-cloud-core-grpc/2.45.0/google-cloud-core-grpc-2.45.0.jar:/Users/jayzmontoya/.m2/repository/com/google/api/gax-grpc/2.55.0/gax-grpc-2.55.0.jar:/Users/jayzmontoya/.m2/repository/io/grpc/grpc-inprocess/1.67.1/grpc-inprocess-1.67.1.jar:/Users/jayzmontoya/.m2/repository/io/grpc/grpc-alts/1.67.1/grpc-alts-1.67.1.jar:/Users/jayzmontoya/.m2/repository/io/grpc/grpc-grpclb/1.67.1/grpc-grpclb-1.67.1.jar:/Users/jayzmontoya/.m2/repository/org/conscrypt/conscrypt-openjdk-uber/2.5.2/conscrypt-openjdk-uber-2.5.2.jar:/Users/jayzmontoya/.m2/repository/io/grpc/grpc-auth/1.67.1/grpc-auth-1.67.1.jar:/Users/jayzmontoya/.m2/repository/io/grpc/grpc-core/1.67.1/grpc-core-1.67.1.jar:/Users/jayzmontoya/.m2/repository/com/google/android/annotations/4.1.1.4/annotations-4.1.1.4.jar:/Users/jayzmontoya/.m2/repository/org/codehaus/mojo/animal-sniffer-annotations/1.24/animal-sniffer-annotations-1.24.jar:/Users/jayzmontoya/.m2/repository/io/perfmark/perfmark-api/0.27.0/perfmark-api-0.27.0.jar:/Users/jayzmontoya/.m2/repository/io/grpc/grpc-protobuf/1.67.1/grpc-protobuf-1.67.1.jar:/Users/jayzmontoya/.m2/repository/io/grpc/grpc-protobuf-lite/1.67.1/grpc-protobuf-lite-1.67.1.jar:/Users/jayzmontoya/.m2/repository/com/google/api/grpc/proto-google-cloud-storage-v2/2.43.2-beta/proto-google-cloud-storage-v2-2.43.2-beta.jar:/Users/jayzmontoya/.m2/repository/com/google/api/grpc/grpc-google-cloud-storage-v2/2.43.2-beta/grpc-google-cloud-storage-v2-2.43.2-beta.jar:/Users/jayzmontoya/.m2/repository/com/google/api/grpc/gapic-google-cloud-storage-v2/2.43.2-beta/gapic-google-cloud-storage-v2-2.43.2-beta.jar:/Users/jayzmontoya/.m2/repository/io/opentelemetry/opentelemetry-sdk/1.31.0/opentelemetry-sdk-1.31.0.jar:/Users/jayzmontoya/.m2/repository/io/opentelemetry/opentelemetry-sdk-trace/1.31.0/opentelemetry-sdk-trace-1.31.0.jar:/Users/jayzmontoya/.m2/repository/io/opentelemetry/opentelemetry-sdk-logs/1.31.0/opentelemetry-sdk-logs-1.31.0.jar:/Users/jayzmontoya/.m2/repository/io/opentelemetry/opentelemetry-api-events/1.31.0-alpha/opentelemetry-api-events-1.31.0-alpha.jar:/Users/jayzmontoya/.m2/repository/io/grpc/grpc-opentelemetry/1.67.1/grpc-opentelemetry-1.67.1.jar:/Users/jayzmontoya/.m2/repository/io/opentelemetry/opentelemetry-api/1.43.0/opentelemetry-api-1.43.0.jar:/Users/jayzmontoya/.m2/repository/io/opentelemetry/opentelemetry-context/1.31.0/opentelemetry-context-1.31.0.jar:/Users/jayzmontoya/.m2/repository/io/opentelemetry/opentelemetry-sdk-metrics/1.31.0/opentelemetry-sdk-metrics-1.31.0.jar:/Users/jayzmontoya/.m2/repository/io/opentelemetry/opentelemetry-extension-incubator/1.31.0-alpha/opentelemetry-extension-incubator-1.31.0-alpha.jar:/Users/jayzmontoya/.m2/repository/io/opentelemetry/opentelemetry-api-incubator/1.42.1-alpha/opentelemetry-api-incubator-1.42.1-alpha.jar:/Users/jayzmontoya/.m2/repository/io/opentelemetry/opentelemetry-sdk-common/1.31.0/opentelemetry-sdk-common-1.31.0.jar:/Users/jayzmontoya/.m2/repository/io/opentelemetry/opentelemetry-sdk-extension-autoconfigure-spi/1.31.0/opentelemetry-sdk-extension-autoconfigure-spi-1.31.0.jar:/Users/jayzmontoya/.m2/repository/io/opentelemetry/semconv/opentelemetry-semconv/1.25.0-alpha/opentelemetry-semconv-1.25.0-alpha.jar:/Users/jayzmontoya/.m2/repository/com/google/cloud/opentelemetry/exporter-metrics/0.31.0/exporter-metrics-0.31.0.jar:/Users/jayzmontoya/.m2/repository/com/google/cloud/google-cloud-monitoring/3.53.0/google-cloud-monitoring-3.53.0.jar:/Users/jayzmontoya/.m2/repository/com/google/api/grpc/proto-google-cloud-monitoring-v3/3.53.0/proto-google-cloud-monitoring-v3-3.53.0.jar:/Users/jayzmontoya/.m2/repository/io/opencensus/opencensus-proto/0.2.0/opencensus-proto-0.2.0.jar:/Users/jayzmontoya/.m2/repository/com/google/cloud/opentelemetry/shared-resourcemapping/0.32.0/shared-resourcemapping-0.32.0.jar:/Users/jayzmontoya/.m2/repository/io/opentelemetry/contrib/opentelemetry-gcp-resources/1.37.0-alpha/opentelemetry-gcp-resources-1.37.0-alpha.jar:/Users/jayzmontoya/.m2/repository/com/google/cloud/opentelemetry/detector-resources-support/0.32.0/detector-resources-support-0.32.0.jar:/Users/jayzmontoya/.m2/repository/io/grpc/grpc-netty-shaded/1.67.1/grpc-netty-shaded-1.67.1.jar:/Users/jayzmontoya/.m2/repository/io/grpc/grpc-util/1.67.1/grpc-util-1.67.1.jar:/Users/jayzmontoya/.m2/repository/io/grpc/grpc-stub/1.67.1/grpc-stub-1.67.1.jar:/Users/jayzmontoya/.m2/repository/io/grpc/grpc-googleapis/1.67.1/grpc-googleapis-1.67.1.jar:/Users/jayzmontoya/.m2/repository/io/grpc/grpc-xds/1.67.1/grpc-xds-1.67.1.jar:/Users/jayzmontoya/.m2/repository/io/grpc/grpc-services/1.67.1/grpc-services-1.67.1.jar:/Users/jayzmontoya/.m2/repository/com/google/re2j/re2j/1.7/re2j-1.7.jar:/Users/jayzmontoya/.m2/repository/io/grpc/grpc-rls/1.67.1/grpc-rls-1.67.1.jar:/Users/jayzmontoya/.m2/repository/org/slf4j/slf4j-api/2.0.11/slf4j-api-2.0.11.jar:"/>
    <property name="sun.cpu.endian" value="little"/>
    <property name="user.home" value="/Users/jayzmontoya"/>
    <property name="user.language" value="en"/>
    <property name="java.specification.vendor" value="Oracle Corporation"/>
    <property name="java.version.date" value="2024-07-16"/>
    <property name="java.home" value="/opt/homebrew/Cellar/openjdk/22.0.2/libexec/openjdk.jdk/Contents/Home"/>
    <property name="file.separator" value="/"/>
    <property name="basedir" value="/Users/jayzmontoya/Desktop/emergencyFolder/Smart-Programming-Baddies/serviceSPB"/>
    <property name="java.vm.compressedOopsMode" value="Zero based"/>
    <property name="line.separator" value="&#10;"/>
    <property name="java.vm.specification.vendor" value="Oracle Corporation"/>
    <property name="java.specification.name" value="Java Platform API Specification"/>
    <property name="FILE_LOG_CHARSET" value="UTF-8"/>
    <property name="java.awt.headless" value="true"/>
    <property name="apple.awt.application.name" value="ForkedBooter"/>
    <property name="surefire.real.class.path" value="/Users/jayzmontoya/Desktop/emergencyFolder/Smart-Programming-Baddies/serviceSPB/target/surefire/surefirebooter-20241122143414175_3.jar"/>
    <property name="sun.management.compiler" value="HotSpot 64-Bit Tiered Compilers"/>
    <property name="ftp.nonProxyHosts" value="local|*.local|169.254/16|*.169.254/16"/>
    <property name="java.runtime.version" value="22.0.2"/>
    <property name="user.name" value="jayzmontoya"/>
    <property name="stdout.encoding" value="UTF-8"/>
    <property name="path.separator" value=":"/>
    <property name="os.version" value="15.1"/>
    <property name="java.runtime.name" value="OpenJDK Runtime Environment"/>
    <property name="file.encoding" value="UTF-8"/>
    <property name="java.vm.name" value="OpenJDK 64-Bit Server VM"/>
    <property name="java.vendor.version" value="Homebrew"/>
    <property name="localRepository" value="/Users/jayzmontoya/.m2/repository"/>
    <property name="java.vendor.url.bug" value="https://github.com/Homebrew/homebrew-core/issues"/>
    <property name="java.io.tmpdir" value="/var/folders/0t/5j2rqp4569jfw2q01v__8s8h0000gn/T/"/>
    <property name="com.zaxxer.hikari.pool_number" value="2"/>
    <property name="java.version" value="22.0.2"/>
    <property name="user.dir" value="/Users/jayzmontoya/Desktop/emergencyFolder/Smart-Programming-Baddies/serviceSPB"/>
    <property name="os.arch" value="aarch64"/>
    <property name="java.vm.specification.name" value="Java Virtual Machine Specification"/>
    <property name="PID" value="23629"/>
    <property name="CONSOLE_LOG_CHARSET" value="UTF-8"/>
    <property name="native.encoding" value="UTF-8"/>
    <property name="java.library.path" value="/Users/jayzmontoya/Library/Java/Extensions:/Library/Java/Extensions:/Network/Library/Java/Extensions:/System/Library/Java/Extensions:/usr/lib/java:."/>
    <property name="java.vm.info" value="mixed mode, sharing"/>
    <property name="stderr.encoding" value="UTF-8"/>
    <property name="java.vendor" value="Homebrew"/>
    <property name="java.vm.version" value="22.0.2"/>
    <property name="sun.io.unicode.encoding" value="UnicodeBig"/>
    <property name="socksNonProxyHosts" value="local|*.local|169.254/16|*.169.254/16"/>
    <property name="java.class.version" value="66.0"/>
  </properties>
  <testcase name="getScheduleTest" classname="com.smartprogrammingbaddies.OrganizationsUnitTest" time="0.001">
    <error type="java.lang.IllegalArgumentException"><![CDATA[java.lang.IllegalArgumentException
	at java.sql/java.sql.Date.valueOf(Date.java:141)
	at com.smartprogrammingbaddies.OrganizationsUnitTest.setUpOrganizationForTesting(OrganizationsUnitTest.java:32)
	at java.base/java.lang.reflect.Method.invoke(Method.java:580)
	at java.base/java.util.ArrayList.forEach(ArrayList.java:1597)
	at java.base/java.util.ArrayList.forEach(ArrayList.java:1597)
]]></error>
  </testcase>
  <testcase name="getOrgTypeTest" classname="com.smartprogrammingbaddies.OrganizationsUnitTest" time="0.0">
    <error type="java.lang.IllegalArgumentException"><![CDATA[java.lang.IllegalArgumentException
	at java.sql/java.sql.Date.valueOf(Date.java:141)
	at com.smartprogrammingbaddies.OrganizationsUnitTest.setUpOrganizationForTesting(OrganizationsUnitTest.java:32)
	at java.base/java.lang.reflect.Method.invoke(Method.java:580)
	at java.base/java.util.ArrayList.forEach(ArrayList.java:1597)
	at java.base/java.util.ArrayList.forEach(ArrayList.java:1597)
]]></error>
  </testcase>
  <testcase name="getDateAddedTest" classname="com.smartprogrammingbaddies.OrganizationsUnitTest" time="0.0">
    <error type="java.lang.IllegalArgumentException"><![CDATA[java.lang.IllegalArgumentException
	at java.sql/java.sql.Date.valueOf(Date.java:141)
	at com.smartprogrammingbaddies.OrganizationsUnitTest.setUpOrganizationForTesting(OrganizationsUnitTest.java:32)
	at java.base/java.lang.reflect.Method.invoke(Method.java:580)
	at java.base/java.util.ArrayList.forEach(ArrayList.java:1597)
	at java.base/java.util.ArrayList.forEach(ArrayList.java:1597)
]]></error>
  </testcase>
  <testcase name="getOrgNameTest" classname="com.smartprogrammingbaddies.OrganizationsUnitTest" time="0.001">
    <error type="java.lang.IllegalArgumentException"><![CDATA[java.lang.IllegalArgumentException
	at java.sql/java.sql.Date.valueOf(Date.java:141)
	at com.smartprogrammingbaddies.OrganizationsUnitTest.setUpOrganizationForTesting(OrganizationsUnitTest.java:32)
	at java.base/java.lang.reflect.Method.invoke(Method.java:580)
	at java.base/java.util.ArrayList.forEach(ArrayList.java:1597)
	at java.base/java.util.ArrayList.forEach(ArrayList.java:1597)
]]></error>
  </testcase>
</testsuite>